{
  "stats": {
    "suites": 3,
    "tests": 9,
    "passes": 9,
    "pending": 0,
    "failures": 0,
    "start": "2021-04-09T04:18:25.132Z",
    "end": "2021-04-09T04:18:31.780Z",
    "duration": 6648,
    "testsRegistered": 9,
    "passPercent": 100,
    "pendingPercent": 0,
    "other": 0,
    "hasOther": false,
    "skipped": 0,
    "hasSkipped": false,
    "passPercentClass": "success",
    "pendingPercentClass": "danger"
  },
  "suites": {
    "uuid": "fe4978f4-30da-4432-b841-2f646a37930e",
    "title": "",
    "fullFile": "",
    "file": "",
    "beforeHooks": [],
    "afterHooks": [],
    "tests": [],
    "suites": [
      {
        "uuid": "2aa5e672-433a-4310-b6f8-b8fc1bc47dd8",
        "title": "Prueba de creacion de Prducto - Correcta",
        "fullFile": "/home/samuelrosales/Documents/Analisis2/Test-Node/src/test/ProductCreationCorrect.js",
        "file": "/src/test/ProductCreationCorrect.js",
        "beforeHooks": [
          {
            "title": "\"before all\" hook",
            "fullTitle": "Prueba de creacion de Prducto - Correcta \"before all\" hook",
            "timedOut": false,
            "duration": 1352,
            "pass": false,
            "fail": false,
            "pending": false,
            "code": "page = new Page();\n                driver = page.driver;\n                await page.visit('http://localhost:3000/login');",
            "err": {},
            "isRoot": false,
            "uuid": "79c26dcc-845b-48a3-9180-d8a88c015230",
            "isHook": true,
            "skipped": false
          }
        ],
        "afterHooks": [
          {
            "title": "\"after all\" hook",
            "fullTitle": "Prueba de creacion de Prducto - Correcta \"after all\" hook",
            "timedOut": false,
            "duration": 53,
            "pass": false,
            "fail": false,
            "pending": false,
            "code": "await page.quit();",
            "err": {},
            "isRoot": false,
            "uuid": "7445d1a3-3e1a-4f43-ab8b-07688e850d0b",
            "isHook": true,
            "skipped": false
          }
        ],
        "tests": [
          {
            "title": "Login",
            "fullTitle": "Prueba de creacion de Prducto - Correcta Login",
            "timedOut": false,
            "duration": 233,
            "state": "passed",
            "speed": "slow",
            "pass": true,
            "fail": false,
            "pending": false,
            "code": "await page.submitUserData('root', 'root');\nawait page.clickButton('login')\nawait driver.manage().setTimeouts( { implicit: 5000 } );\ndriver.wait(until.urlContains('/admin/dashboard'));",
            "err": {},
            "isRoot": false,
            "uuid": "dea073eb-3a59-4873-932b-6d0bf4c6bb1b",
            "isHook": false,
            "skipped": false
          },
          {
            "title": "Click pestana de Productos",
            "fullTitle": "Prueba de creacion de Prducto - Correcta Click pestana de Productos",
            "timedOut": false,
            "duration": 726,
            "state": "passed",
            "speed": "slow",
            "pass": true,
            "fail": false,
            "pending": false,
            "code": "await page.visit('http://localhost:3000/admin/crear-productos');",
            "err": {},
            "isRoot": false,
            "uuid": "5cd1a6b9-6272-4e25-a22b-a9c55400de68",
            "isHook": false,
            "skipped": false
          },
          {
            "title": "Llena los datos del Producto",
            "fullTitle": "Prueba de creacion de Prducto - Correcta Llena los datos del Producto",
            "timedOut": false,
            "duration": 381,
            "state": "passed",
            "speed": "slow",
            "pass": true,
            "fail": false,
            "pending": false,
            "code": "await page.submitProductData('cirque du freak', 9.99, 'mejores libros de la historia');",
            "err": {},
            "isRoot": false,
            "uuid": "49da2291-bbf3-4ea8-9064-e91e95fc3dfa",
            "isHook": false,
            "skipped": false
          }
        ],
        "suites": [],
        "passes": [
          "dea073eb-3a59-4873-932b-6d0bf4c6bb1b",
          "5cd1a6b9-6272-4e25-a22b-a9c55400de68",
          "49da2291-bbf3-4ea8-9064-e91e95fc3dfa"
        ],
        "failures": [],
        "pending": [],
        "skipped": [],
        "duration": 1340,
        "root": false,
        "rootEmpty": false,
        "_timeout": 50000
      },
      {
        "uuid": "1e58ae4c-d2f9-45be-b717-e1e5f74054a3",
        "title": "Prueba de Inicio de Sesion - Correcta",
        "fullFile": "/home/samuelrosales/Documents/Analisis2/Test-Node/src/test/UserLogingAuthCorrect.js",
        "file": "/src/test/UserLogingAuthCorrect.js",
        "beforeHooks": [
          {
            "title": "\"before all\" hook",
            "fullTitle": "Prueba de Inicio de Sesion - Correcta \"before all\" hook",
            "timedOut": false,
            "duration": 1438,
            "pass": false,
            "fail": false,
            "pending": false,
            "code": "page = new Page();\ndriver = page.driver;\nawait page.visit('http://localhost:3000/login');",
            "err": {},
            "isRoot": false,
            "uuid": "87092310-b77e-45b8-acb5-b0d3488ae597",
            "isHook": true,
            "skipped": false
          }
        ],
        "afterHooks": [
          {
            "title": "\"after all\" hook",
            "fullTitle": "Prueba de Inicio de Sesion - Correcta \"after all\" hook",
            "timedOut": false,
            "duration": 424,
            "pass": false,
            "fail": false,
            "pending": false,
            "code": "await page.quit();",
            "err": {},
            "isRoot": false,
            "uuid": "3d83fa45-cddd-4118-a940-989c5886a9df",
            "isHook": true,
            "skipped": false
          }
        ],
        "tests": [
          {
            "title": "Ingresa Datos Correctos",
            "fullTitle": "Prueba de Inicio de Sesion - Correcta Ingresa Datos Correctos",
            "timedOut": false,
            "duration": 198,
            "state": "passed",
            "speed": "slow",
            "pass": true,
            "fail": false,
            "pending": false,
            "code": "await page.submitUserData('root', 'root');",
            "err": {},
            "isRoot": false,
            "uuid": "37b20c7a-8174-422f-90f2-38a743cb06ea",
            "isHook": false,
            "skipped": false
          },
          {
            "title": "Click en boton de login",
            "fullTitle": "Prueba de Inicio de Sesion - Correcta Click en boton de login",
            "timedOut": false,
            "duration": 37,
            "state": "passed",
            "speed": "fast",
            "pass": true,
            "fail": false,
            "pending": false,
            "code": "await page.clickButton('login')\n                await driver.manage().setTimeouts( { implicit: 5000 } );",
            "err": {},
            "isRoot": false,
            "uuid": "4d96df3a-ded1-4458-aee6-851057690525",
            "isHook": false,
            "skipped": false
          },
          {
            "title": "Inicia session",
            "fullTitle": "Prueba de Inicio de Sesion - Correcta Inicia session",
            "timedOut": false,
            "duration": 0,
            "state": "passed",
            "speed": "fast",
            "pass": true,
            "fail": false,
            "pending": false,
            "code": "await expect(driver.wait(until.urlContains('/admin/dashboard')))",
            "err": {},
            "isRoot": false,
            "uuid": "0f468f54-77b4-41d0-88e1-dd56a41c12fd",
            "isHook": false,
            "skipped": false
          }
        ],
        "suites": [],
        "passes": [
          "37b20c7a-8174-422f-90f2-38a743cb06ea",
          "4d96df3a-ded1-4458-aee6-851057690525",
          "0f468f54-77b4-41d0-88e1-dd56a41c12fd"
        ],
        "failures": [],
        "pending": [],
        "skipped": [],
        "duration": 235,
        "root": false,
        "rootEmpty": false,
        "_timeout": 50000
      },
      {
        "uuid": "fe8a8540-8dfb-4bc1-bd7b-50cba9dcf416",
        "title": "Prueba de Inicio de Sesion - Incorrecta",
        "fullFile": "/home/samuelrosales/Documents/Analisis2/Test-Node/src/test/UserLogingAuthIncorrect.js",
        "file": "/src/test/UserLogingAuthIncorrect.js",
        "beforeHooks": [
          {
            "title": "\"before all\" hook",
            "fullTitle": "Prueba de Inicio de Sesion - Incorrecta \"before all\" hook",
            "timedOut": false,
            "duration": 1438,
            "pass": false,
            "fail": false,
            "pending": false,
            "code": "page = new Page();\ndriver = page.driver;\nawait page.visit('http://localhost:3000/login');",
            "err": {},
            "isRoot": false,
            "uuid": "66eda96a-4ea0-40db-a690-b4ce41857131",
            "isHook": true,
            "skipped": false
          }
        ],
        "afterHooks": [
          {
            "title": "\"after all\" hook",
            "fullTitle": "Prueba de Inicio de Sesion - Incorrecta \"after all\" hook",
            "timedOut": false,
            "duration": 103,
            "pass": false,
            "fail": false,
            "pending": false,
            "code": "await page.quit();",
            "err": {},
            "isRoot": false,
            "uuid": "35f6861e-456d-4a0a-ac8f-1e62778a30bb",
            "isHook": true,
            "skipped": false
          }
        ],
        "tests": [
          {
            "title": "Ingresa Datos Correctos",
            "fullTitle": "Prueba de Inicio de Sesion - Incorrecta Ingresa Datos Correctos",
            "timedOut": false,
            "duration": 209,
            "state": "passed",
            "speed": "slow",
            "pass": true,
            "fail": false,
            "pending": false,
            "code": "await page.submitUserData('usuario', 'algo');",
            "err": {},
            "isRoot": false,
            "uuid": "18a542ac-db1e-4a9b-9d48-7cda556c97e9",
            "isHook": false,
            "skipped": false
          },
          {
            "title": "Click en boton de login",
            "fullTitle": "Prueba de Inicio de Sesion - Incorrecta Click en boton de login",
            "timedOut": false,
            "duration": 34,
            "state": "passed",
            "speed": "fast",
            "pass": true,
            "fail": false,
            "pending": false,
            "code": "await page.clickButton('login')\n                await driver.manage().setTimeouts( { implicit: 5000 } );",
            "err": {},
            "isRoot": false,
            "uuid": "65551344-fbc0-4249-838c-85298906669f",
            "isHook": false,
            "skipped": false
          },
          {
            "title": "Inicia session Fallida",
            "fullTitle": "Prueba de Inicio de Sesion - Incorrecta Inicia session Fallida",
            "timedOut": false,
            "duration": 0,
            "state": "passed",
            "speed": "fast",
            "pass": true,
            "fail": false,
            "pending": false,
            "code": "await expect(driver.wait(until.urlContains('/login')))",
            "err": {},
            "isRoot": false,
            "uuid": "1927aa70-7509-4d17-8127-1e8a8d1f8dc3",
            "isHook": false,
            "skipped": false
          }
        ],
        "suites": [],
        "passes": [
          "18a542ac-db1e-4a9b-9d48-7cda556c97e9",
          "65551344-fbc0-4249-838c-85298906669f",
          "1927aa70-7509-4d17-8127-1e8a8d1f8dc3"
        ],
        "failures": [],
        "pending": [],
        "skipped": [],
        "duration": 243,
        "root": false,
        "rootEmpty": false,
        "_timeout": 50000
      }
    ],
    "passes": [],
    "failures": [],
    "pending": [],
    "skipped": [],
    "duration": 0,
    "root": true,
    "rootEmpty": true,
    "_timeout": 2000
  },
  "copyrightYear": 2021
}